<?xml version="1.0" encoding="UTF-8"?>
<!-- Generated by org.testng.reporters.JUnitXMLReporter -->
<testsuite ignored="8" hostname="DESKTOP-C6KTL7Q" failures="0" tests="3" name="Test" time="257.254" errors="0" timestamp="2023-07-18T12:49:10 IST">
  <testcase classname="ProductModule.CreateProductTest" name="createProduct" time="0.09"/>
  <testcase classname="HomeModule.ToVerifyTheHomePageTitle" name="toVerifyTheHomePageTitle" time="15.242"/>
  <testcase classname="CustomerModule.CreateCutomerTest" name="createCustomer" time="0.024"/>
  <testcase classname="Utils.BaseClass" name="@BeforeTest btConfig" time="0.0">
    <ignored/>
  </testcase> <!-- @BeforeTest btConfig -->
  <testcase classname="Utils.BaseClass" name="@BeforeTest btConfig" time="0.0">
    <ignored/>
  </testcase> <!-- @BeforeTest btConfig -->
  <testcase classname="Utils.BaseClass" name="@AfterTest atConfig" time="0.0">
    <ignored/>
  </testcase> <!-- @AfterTest atConfig -->
  <testcase classname="Utils.BaseClass" name="@AfterTest atConfig" time="0.0">
    <ignored/>
  </testcase> <!-- @AfterTest atConfig -->
  <testcase classname="Utils.BaseClass" name="@AfterSuite asConfig" time="0.0">
    <ignored/>
  </testcase> <!-- @AfterSuite asConfig -->
  <testcase classname="Utils.BaseClass" name="@AfterSuite asConfig" time="0.0">
    <ignored/>
  </testcase> <!-- @AfterSuite asConfig -->
  <testcase classname="Utils.BaseClass" name="@BeforeSuite bsConfig" time="0.0">
    <ignored/>
  </testcase> <!-- @BeforeSuite bsConfig -->
  <testcase classname="Utils.BaseClass" name="@BeforeSuite bsConfig" time="0.0">
    <ignored/>
  </testcase> <!-- @BeforeSuite bsConfig -->
</testsuite> <!-- Test -->
